2022-04-04 09:31:38 



















2022-04-04 09:31:38 Focal Core version v0.16.3.0-69fce74-dirty (release build)
2022-04-04 09:31:38 InitParameterInteraction: parameter interaction: -connect set -> setting -dnsseed=0
2022-04-04 09:31:38 InitParameterInteraction: parameter interaction: -whitelistforcerelay=1 -> setting -whitelistrelay=1
2022-04-04 09:31:38 Assuming ancestors of block 0d92097a6982a4d436a777ee8ecf624f24ee66f0bbf322b05458b4813b663dcf have valid signatures.
2022-04-04 09:31:38 Setting nMinimumChainWork=0000000000000000000000000000000000000000000000000000000000000000
2022-04-04 09:31:38 Using the 'sse4' SHA256 implementation
2022-04-04 09:31:38 Using RdRand as an additional entropy source
2022-04-04 09:31:38 Default data directory /root/.focal
2022-04-04 09:31:38 Using data directory /root/.focal
2022-04-04 09:31:38 Using config file /root/.focal/focal.conf
2022-04-04 09:31:38 Using at most 125 automatic connections (1048576 file descriptors available)
2022-04-04 09:31:38 Using 16 MiB out of 32/2 requested for signature cache, able to store 524288 elements
2022-04-04 09:31:38 Using 16 MiB out of 32/2 requested for script execution cache, able to store 524288 elements
2022-04-04 09:31:38 Using 4 threads for script verification
2022-04-04 09:31:38 scheduler thread start
2022-04-04 09:31:38 libevent: getaddrinfo: address family for nodename not supported
2022-04-04 09:31:38 Binding RPC on address ::1 port 9332 failed.
2022-04-04 09:31:38 HTTP: creating work queue of depth 16
2022-04-04 09:31:38 Config options rpcuser and rpcpassword will soon be deprecated. Locally-run instances may remove rpcuser to use cookie-based auth, or may be replaced with rpcauth. Please see share/rpcuser for rpcauth auth generation.
2022-04-04 09:31:38 HTTP: starting 4 worker threads
2022-04-04 09:31:38 Using wallet directory /root/.focal
2022-04-04 09:31:38 init message: Verifying wallet(s)...
2022-04-04 09:31:38 Using BerkeleyDB version Berkeley DB 4.8.30: (April  9, 2010)
2022-04-04 09:31:38 Using wallet wallet.dat
2022-04-04 09:31:38 CDBEnv::Open: LogDir=/root/.focal/database ErrorFile=/root/.focal/db.log
2022-04-04 09:31:38 Cache configuration:
2022-04-04 09:31:38 * Using 2.0MiB for block index database
2022-04-04 09:31:38 * Using 8.0MiB for chain state database
2022-04-04 09:31:38 * Using 440.0MiB for in-memory UTXO set (plus up to 286.1MiB of unused mempool space)
2022-04-04 09:31:38 init message: Loading block index...
2022-04-04 09:31:38 Opening LevelDB in /root/.focal/blocks/index
2022-04-04 09:31:38 Opened LevelDB successfully
2022-04-04 09:31:38 Using obfuscation key for /root/.focal/blocks/index: 0000000000000000
2022-04-04 09:31:38 LoadBlockIndexDB: last block file = 0
2022-04-04 09:31:38 LoadBlockIndexDB: last block file info: CBlockFileInfo(blocks=0, size=0, heights=0...0, time=1970-01-01...1970-01-01)
2022-04-04 09:31:38 Checking all blk files are present...
2022-04-04 09:31:38 LoadBlockIndexDB: transaction index disabled
2022-04-04 09:31:38 Initializing databases...
2022-04-04 09:31:38 Pre-allocating up to position 0x1000000 in blk00000.dat
2022-04-04 09:31:38 Opening LevelDB in /root/.focal/chainstate
2022-04-04 09:31:38 Opened LevelDB successfully
2022-04-04 09:31:38 Wrote new obfuscate key for /root/.focal/chainstate: b25790397c7950c6
2022-04-04 09:31:38 Using obfuscation key for /root/.focal/chainstate: b25790397c7950c6
2022-04-04 09:31:38 init message: Rewinding blocks...
2022-04-04 09:31:38  block index              29ms
2022-04-04 09:31:38 init message: Loading wallet...
2022-04-04 09:31:38 nFileVersion = 160300
2022-04-04 09:31:38 Keys: 0 plaintext, 0 encrypted, 0 w/ metadata, 0 total
2022-04-04 09:31:38 Performing wallet upgrade to 60000
2022-04-04 09:31:40 keypool added 2000 keys (1000 internal), size=2000 (1000 internal)
2022-04-04 09:31:40  wallet                 1426ms
2022-04-04 09:31:40 setKeyPool.size() = 2000
2022-04-04 09:31:40 mapWallet.size() = 0
2022-04-04 09:31:40 mapAddressBook.size() = 0
2022-04-04 09:31:40 UpdateTip: new best=0d92097a6982a4d436a777ee8ecf624f24ee66f0bbf322b05458b4813b663dcf height=0 version=0x00000001 log2_work=20.000022 tx=1 date='2022-04-04 08:40:14' progress=0.000000 cache=0.0MiB(0txo)
2022-04-04 09:31:40 Failed to open mempool file from disk. Continuing anyway.
2022-04-04 09:31:40 mapBlockIndex.size() = 1
2022-04-04 09:31:40 nBestHeight = 0
2022-04-04 09:31:40 torcontrol thread start
2022-04-04 09:31:40 Bound to 172.18.0.2:59333
2022-04-04 09:31:40 init message: Loading P2P addresses...
2022-04-04 09:31:40 ERROR: DeserializeFileDB: Failed to open file /root/.focal/peers.dat
2022-04-04 09:31:40 Invalid or missing peers.dat; recreating
2022-04-04 09:31:40 init message: Loading banlist...
2022-04-04 09:31:40 ERROR: DeserializeFileDB: Failed to open file /root/.focal/banlist.dat
2022-04-04 09:31:40 Invalid or missing banlist.dat; recreating
2022-04-04 09:31:40 init message: Starting network threads...
2022-04-04 09:31:40 DNS seeding disabled
2022-04-04 09:31:40 init message: Done loading
2022-04-04 09:31:40 addcon thread start
2022-04-04 09:31:40 msghand thread start
2022-04-04 09:31:40 net thread start
2022-04-04 09:31:40 connect() to 172.18.0.1:59333 failed after select(): Connection refused (111)
2022-04-04 09:31:40 Leaving InitialBlockDownload (latching to false)
2022-04-04 09:31:40 New outbound peer connected: version: 70015, blocks=0, peer=2
2022-04-04 09:31:41 New outbound peer connected: version: 70015, blocks=0, peer=4
2022-04-04 09:31:41 New outbound peer connected: version: 70015, blocks=0, peer=5
2022-04-04 09:32:42 connect() to 172.18.0.1:59333 failed after select(): Connection refused (111)
2022-04-04 09:33:42 connect() to 172.18.0.1:59333 failed after select(): Connection refused (111)
2022-04-04 09:34:43 connect() to 172.18.0.1:59333 failed after select(): Connection refused (111)
2022-04-04 09:35:43 connect() to 172.18.0.1:59333 failed after select(): Connection refused (111)
2022-04-04 09:36:44 connect() to 172.18.0.1:59333 failed after select(): Connection refused (111)
2022-04-04 09:37:44 connect() to 172.18.0.1:59333 failed after select(): Connection refused (111)
2022-04-04 09:38:45 connect() to 172.18.0.1:59333 failed after select(): Connection refused (111)
2022-04-04 09:39:45 connect() to 172.18.0.1:59333 failed after select(): Connection refused (111)
2022-04-04 09:40:46 connect() to 172.18.0.1:59333 failed after select(): Connection refused (111)
2022-04-04 09:41:23 Potential stale tip detected, will try using extra outbound peer (last tip update: 583 seconds ago)
2022-04-04 09:41:46 connect() to 172.18.0.1:59333 failed after select(): Connection refused (111)
2022-04-04 09:42:47 connect() to 172.18.0.1:59333 failed after select(): Connection refused (111)
2022-04-04 09:43:47 connect() to 172.18.0.1:59333 failed after select(): Connection refused (111)
2022-04-04 09:44:23 Potential stale tip detected, will try using extra outbound peer (last tip update: 763 seconds ago)
2022-04-04 09:44:48 connect() to 172.18.0.1:59333 failed after select(): Connection refused (111)
2022-04-04 09:45:48 connect() to 172.18.0.1:59333 failed after select(): Connection refused (111)
2022-04-04 09:46:49 connect() to 172.18.0.1:59333 failed after select(): Connection refused (111)
2022-04-04 09:47:23 Potential stale tip detected, will try using extra outbound peer (last tip update: 943 seconds ago)
2022-04-04 09:47:49 connect() to 172.18.0.1:59333 failed after select(): Connection refused (111)
2022-04-04 09:48:50 connect() to 172.18.0.1:59333 failed after select(): Connection refused (111)
2022-04-04 09:49:50 connect() to 172.18.0.1:59333 failed after select(): Connection refused (111)
2022-04-04 09:50:23 Potential stale tip detected, will try using extra outbound peer (last tip update: 1123 seconds ago)
2022-04-04 09:50:51 connect() to 172.18.0.1:59333 failed after select(): Connection refused (111)
2022-04-04 09:51:51 connect() to 172.18.0.1:59333 failed after select(): Connection refused (111)
